2023-12-19T21:01:07.846+05:30  INFO 10268 --- [BACKEND-SERVER-3] [main] c.e.b.BackendServer3Application          : Starting BackendServer3Application using Java 17.0.9 with PID 10268 (C:\Users\Hello\Downloads\backend-server-3\target\classes started by Hello in C:\Users\Hello\Downloads\backend-server-3)
2023-12-19T21:01:07.878+05:30  INFO 10268 --- [BACKEND-SERVER-3] [main] c.e.b.BackendServer3Application          : No active profile set, falling back to 1 default profile: "default"
2023-12-19T21:01:09.610+05:30  INFO 10268 --- [BACKEND-SERVER-3] [main] .s.d.r.c.RepositoryConfigurationDelegate : Bootstrapping Spring Data JPA repositories in DEFAULT mode.
2023-12-19T21:01:09.783+05:30  INFO 10268 --- [BACKEND-SERVER-3] [main] .s.d.r.c.RepositoryConfigurationDelegate : Finished Spring Data repository scanning in 150 ms. Found 1 JPA repository interface.
2023-12-19T21:01:11.151+05:30  INFO 10268 --- [BACKEND-SERVER-3] [main] o.s.b.w.embedded.tomcat.TomcatWebServer  : Tomcat initialized with port 8083 (http)
2023-12-19T21:01:11.182+05:30  INFO 10268 --- [BACKEND-SERVER-3] [main] o.apache.catalina.core.StandardService   : Starting service [Tomcat]
2023-12-19T21:01:11.183+05:30  INFO 10268 --- [BACKEND-SERVER-3] [main] o.apache.catalina.core.StandardEngine    : Starting Servlet engine: [Apache Tomcat/10.1.16]
2023-12-19T21:01:11.353+05:30  INFO 10268 --- [BACKEND-SERVER-3] [main] o.a.c.c.C.[Tomcat].[localhost].[/]       : Initializing Spring embedded WebApplicationContext
2023-12-19T21:01:11.355+05:30  INFO 10268 --- [BACKEND-SERVER-3] [main] w.s.c.ServletWebServerApplicationContext : Root WebApplicationContext: initialization completed in 3347 ms
2023-12-19T21:01:11.841+05:30  INFO 10268 --- [BACKEND-SERVER-3] [main] o.hibernate.jpa.internal.util.LogHelper  : HHH000204: Processing PersistenceUnitInfo [name: default]
2023-12-19T21:01:12.100+05:30  INFO 10268 --- [BACKEND-SERVER-3] [main] org.hibernate.Version                    : HHH000412: Hibernate ORM core version 6.3.1.Final
2023-12-19T21:01:12.246+05:30  INFO 10268 --- [BACKEND-SERVER-3] [main] o.h.c.internal.RegionFactoryInitiator    : HHH000026: Second-level cache disabled
2023-12-19T21:01:13.051+05:30  INFO 10268 --- [BACKEND-SERVER-3] [main] o.s.o.j.p.SpringPersistenceUnitInfo      : No LoadTimeWeaver setup: ignoring JPA class transformer
2023-12-19T21:01:13.155+05:30  INFO 10268 --- [BACKEND-SERVER-3] [main] com.zaxxer.hikari.HikariDataSource       : HikariPool-1 - Starting...
2023-12-19T21:01:14.491+05:30  INFO 10268 --- [BACKEND-SERVER-3] [main] com.zaxxer.hikari.pool.HikariPool        : HikariPool-1 - Added connection com.mysql.cj.jdbc.ConnectionImpl@3a88f6fb
2023-12-19T21:01:14.499+05:30  INFO 10268 --- [BACKEND-SERVER-3] [main] com.zaxxer.hikari.HikariDataSource       : HikariPool-1 - Start completed.
2023-12-19T21:02:02.540+05:30  INFO 9388 --- [BACKEND-SERVER-3] [main] c.e.b.BackendServer3Application          : Starting BackendServer3Application using Java 17.0.9 with PID 9388 (C:\Users\Hello\Downloads\backend-server-3\target\classes started by Hello in C:\Users\Hello\Downloads\backend-server-3)
2023-12-19T21:02:02.545+05:30  INFO 9388 --- [BACKEND-SERVER-3] [main] c.e.b.BackendServer3Application          : No active profile set, falling back to 1 default profile: "default"
2023-12-19T21:02:04.746+05:30  INFO 9388 --- [BACKEND-SERVER-3] [main] .s.d.r.c.RepositoryConfigurationDelegate : Bootstrapping Spring Data JPA repositories in DEFAULT mode.
2023-12-19T21:02:05.249+05:30  INFO 9388 --- [BACKEND-SERVER-3] [main] .s.d.r.c.RepositoryConfigurationDelegate : Finished Spring Data repository scanning in 480 ms. Found 1 JPA repository interface.
2023-12-19T21:02:05.967+05:30  INFO 9388 --- [BACKEND-SERVER-3] [main] o.s.cloud.context.scope.GenericScope     : BeanFactory id=2a1bf191-482f-306d-89cc-9af2988a95c3
2023-12-19T21:02:06.312+05:30  WARN 9388 --- [BACKEND-SERVER-3] [main] trationDelegate$BeanPostProcessorChecker : Bean 'org.springframework.cloud.client.loadbalancer.LoadBalancerAutoConfiguration$LoadBalancerInterceptorConfig' of type [org.springframework.cloud.client.loadbalancer.LoadBalancerAutoConfiguration$LoadBalancerInterceptorConfig] is not eligible for getting processed by all BeanPostProcessors (for example: not eligible for auto-proxying). The currently created BeanPostProcessor [lbRestClientPostProcessor] is declared through a non-static factory method on that class; consider declaring it as static instead.
2023-12-19T21:02:06.317+05:30  WARN 9388 --- [BACKEND-SERVER-3] [main] trationDelegate$BeanPostProcessorChecker : Bean 'org.springframework.cloud.loadbalancer.config.BlockingLoadBalancerClientAutoConfiguration' of type [org.springframework.cloud.loadbalancer.config.BlockingLoadBalancerClientAutoConfiguration] is not eligible for getting processed by all BeanPostProcessors (for example: not eligible for auto-proxying). Is this bean getting eagerly injected into a currently created BeanPostProcessor [lbRestClientPostProcessor]? Check the corresponding BeanPostProcessor declaration and its dependencies.
2023-12-19T21:02:06.319+05:30  WARN 9388 --- [BACKEND-SERVER-3] [main] trationDelegate$BeanPostProcessorChecker : Bean 'org.springframework.cloud.loadbalancer.config.LoadBalancerAutoConfiguration' of type [org.springframework.cloud.loadbalancer.config.LoadBalancerAutoConfiguration] is not eligible for getting processed by all BeanPostProcessors (for example: not eligible for auto-proxying). Is this bean getting eagerly injected into a currently created BeanPostProcessor [lbRestClientPostProcessor]? Check the corresponding BeanPostProcessor declaration and its dependencies.
2023-12-19T21:02:06.341+05:30  WARN 9388 --- [BACKEND-SERVER-3] [main] trationDelegate$BeanPostProcessorChecker : Bean 'org.springframework.cloud.commons.config.CommonsConfigAutoConfiguration' of type [org.springframework.cloud.commons.config.CommonsConfigAutoConfiguration] is not eligible for getting processed by all BeanPostProcessors (for example: not eligible for auto-proxying). Is this bean getting eagerly injected into a currently created BeanPostProcessor [lbRestClientPostProcessor]? Check the corresponding BeanPostProcessor declaration and its dependencies.
2023-12-19T21:02:06.347+05:30  WARN 9388 --- [BACKEND-SERVER-3] [main] trationDelegate$BeanPostProcessorChecker : Bean 'org.springframework.cloud.client.loadbalancer.LoadBalancerDefaultMappingsProviderAutoConfiguration' of type [org.springframework.cloud.client.loadbalancer.LoadBalancerDefaultMappingsProviderAutoConfiguration] is not eligible for getting processed by all BeanPostProcessors (for example: not eligible for auto-proxying). Is this bean getting eagerly injected into a currently created BeanPostProcessor [lbRestClientPostProcessor]? Check the corresponding BeanPostProcessor declaration and its dependencies.
2023-12-19T21:02:06.353+05:30  WARN 9388 --- [BACKEND-SERVER-3] [main] trationDelegate$BeanPostProcessorChecker : Bean 'loadBalancerClientsDefaultsMappingsProvider' of type [org.springframework.cloud.client.loadbalancer.LoadBalancerDefaultMappingsProviderAutoConfiguration$$Lambda$630/0x000002b1813c62b8] is not eligible for getting processed by all BeanPostProcessors (for example: not eligible for auto-proxying). Is this bean getting eagerly injected into a currently created BeanPostProcessor [lbRestClientPostProcessor]? Check the corresponding BeanPostProcessor declaration and its dependencies.
2023-12-19T21:02:06.356+05:30  WARN 9388 --- [BACKEND-SERVER-3] [main] trationDelegate$BeanPostProcessorChecker : Bean 'defaultsBindHandlerAdvisor' of type [org.springframework.cloud.commons.config.DefaultsBindHandlerAdvisor] is not eligible for getting processed by all BeanPostProcessors (for example: not eligible for auto-proxying). Is this bean getting eagerly injected into a currently created BeanPostProcessor [lbRestClientPostProcessor]? Check the corresponding BeanPostProcessor declaration and its dependencies.
2023-12-19T21:02:06.377+05:30  WARN 9388 --- [BACKEND-SERVER-3] [main] trationDelegate$BeanPostProcessorChecker : Bean 'spring.cloud.loadbalancer-org.springframework.cloud.client.loadbalancer.LoadBalancerClientsProperties' of type [org.springframework.cloud.client.loadbalancer.LoadBalancerClientsProperties] is not eligible for getting processed by all BeanPostProcessors (for example: not eligible for auto-proxying). Is this bean getting eagerly injected into a currently created BeanPostProcessor [lbRestClientPostProcessor]? Check the corresponding BeanPostProcessor declaration and its dependencies.
2023-12-19T21:02:06.389+05:30  WARN 9388 --- [BACKEND-SERVER-3] [main] trationDelegate$BeanPostProcessorChecker : Bean 'default.org.springframework.cloud.loadbalancer.config.LoadBalancerAutoConfiguration.LoadBalancerClientSpecification' of type [org.springframework.cloud.loadbalancer.annotation.LoadBalancerClientSpecification] is not eligible for getting processed by all BeanPostProcessors (for example: not eligible for auto-proxying). Is this bean getting eagerly injected into a currently created BeanPostProcessor [lbRestClientPostProcessor]? Check the corresponding BeanPostProcessor declaration and its dependencies.
2023-12-19T21:02:06.392+05:30  WARN 9388 --- [BACKEND-SERVER-3] [main] trationDelegate$BeanPostProcessorChecker : Bean 'default.org.springframework.cloud.loadbalancer.config.BlockingLoadBalancerClientAutoConfiguration.LoadBalancerClientSpecification' of type [org.springframework.cloud.loadbalancer.annotation.LoadBalancerClientSpecification] is not eligible for getting processed by all BeanPostProcessors (for example: not eligible for auto-proxying). Is this bean getting eagerly injected into a currently created BeanPostProcessor [lbRestClientPostProcessor]? Check the corresponding BeanPostProcessor declaration and its dependencies.
2023-12-19T21:02:06.393+05:30  WARN 9388 --- [BACKEND-SERVER-3] [main] trationDelegate$BeanPostProcessorChecker : Bean 'default.org.springframework.cloud.netflix.eureka.loadbalancer.LoadBalancerEurekaAutoConfiguration.LoadBalancerClientSpecification' of type [org.springframework.cloud.loadbalancer.annotation.LoadBalancerClientSpecification] is not eligible for getting processed by all BeanPostProcessors (for example: not eligible for auto-proxying). Is this bean getting eagerly injected into a currently created BeanPostProcessor [lbRestClientPostProcessor]? Check the corresponding BeanPostProcessor declaration and its dependencies.
2023-12-19T21:02:06.398+05:30  WARN 9388 --- [BACKEND-SERVER-3] [main] trationDelegate$BeanPostProcessorChecker : Bean 'loadBalancerClientFactory' of type [org.springframework.cloud.loadbalancer.support.LoadBalancerClientFactory] is not eligible for getting processed by all BeanPostProcessors (for example: not eligible for auto-proxying). Is this bean getting eagerly injected into a currently created BeanPostProcessor [lbRestClientPostProcessor]? Check the corresponding BeanPostProcessor declaration and its dependencies.
2023-12-19T21:02:06.408+05:30  WARN 9388 --- [BACKEND-SERVER-3] [main] trationDelegate$BeanPostProcessorChecker : Bean 'blockingLoadBalancerClient' of type [org.springframework.cloud.loadbalancer.blocking.client.BlockingLoadBalancerClient] is not eligible for getting processed by all BeanPostProcessors (for example: not eligible for auto-proxying). Is this bean getting eagerly injected into a currently created BeanPostProcessor [lbRestClientPostProcessor]? Check the corresponding BeanPostProcessor declaration and its dependencies.
2023-12-19T21:02:06.424+05:30  WARN 9388 --- [BACKEND-SERVER-3] [main] trationDelegate$BeanPostProcessorChecker : Bean 'loadBalancerServiceInstanceCookieTransformer' of type [org.springframework.cloud.loadbalancer.core.LoadBalancerServiceInstanceCookieTransformer] is not eligible for getting processed by all BeanPostProcessors (for example: not eligible for auto-proxying). Is this bean getting eagerly injected into a currently created BeanPostProcessor [lbRestClientPostProcessor]? Check the corresponding BeanPostProcessor declaration and its dependencies.
2023-12-19T21:02:06.428+05:30  WARN 9388 --- [BACKEND-SERVER-3] [main] trationDelegate$BeanPostProcessorChecker : Bean 'xForwarderHeadersTransformer' of type [org.springframework.cloud.loadbalancer.blocking.XForwardedHeadersTransformer] is not eligible for getting processed by all BeanPostProcessors (for example: not eligible for auto-proxying). Is this bean getting eagerly injected into a currently created BeanPostProcessor [lbRestClientPostProcessor]? Check the corresponding BeanPostProcessor declaration and its dependencies.
2023-12-19T21:02:06.431+05:30  WARN 9388 --- [BACKEND-SERVER-3] [main] trationDelegate$BeanPostProcessorChecker : Bean 'org.springframework.cloud.client.loadbalancer.LoadBalancerAutoConfiguration' of type [org.springframework.cloud.client.loadbalancer.LoadBalancerAutoConfiguration] is not eligible for getting processed by all BeanPostProcessors (for example: not eligible for auto-proxying). Is this bean getting eagerly injected into a currently created BeanPostProcessor [lbRestClientPostProcessor]? Check the corresponding BeanPostProcessor declaration and its dependencies.
2023-12-19T21:02:06.435+05:30  WARN 9388 --- [BACKEND-SERVER-3] [main] trationDelegate$BeanPostProcessorChecker : Bean 'loadBalancerRequestFactory' of type [org.springframework.cloud.client.loadbalancer.LoadBalancerRequestFactory] is not eligible for getting processed by all BeanPostProcessors (for example: not eligible for auto-proxying). Is this bean getting eagerly injected into a currently created BeanPostProcessor [lbRestClientPostProcessor]? Check the corresponding BeanPostProcessor declaration and its dependencies.
2023-12-19T21:02:06.437+05:30  WARN 9388 --- [BACKEND-SERVER-3] [main] trationDelegate$BeanPostProcessorChecker : Bean 'loadBalancerInterceptor' of type [org.springframework.cloud.client.loadbalancer.LoadBalancerInterceptor] is not eligible for getting processed by all BeanPostProcessors (for example: not eligible for auto-proxying). Is this bean getting eagerly injected into a currently created BeanPostProcessor [lbRestClientPostProcessor]? Check the corresponding BeanPostProcessor declaration and its dependencies.
2023-12-19T21:02:06.999+05:30  INFO 9388 --- [BACKEND-SERVER-3] [main] o.s.b.w.embedded.tomcat.TomcatWebServer  : Tomcat initialized with port 8083 (http)
2023-12-19T21:02:07.019+05:30  INFO 9388 --- [BACKEND-SERVER-3] [main] o.apache.catalina.core.StandardService   : Starting service [Tomcat]
2023-12-19T21:02:07.020+05:30  INFO 9388 --- [BACKEND-SERVER-3] [main] o.apache.catalina.core.StandardEngine    : Starting Servlet engine: [Apache Tomcat/10.1.16]
2023-12-19T21:02:07.212+05:30  INFO 9388 --- [BACKEND-SERVER-3] [main] o.a.c.c.C.[Tomcat].[localhost].[/]       : Initializing Spring embedded WebApplicationContext
2023-12-19T21:02:07.214+05:30  INFO 9388 --- [BACKEND-SERVER-3] [main] w.s.c.ServletWebServerApplicationContext : Root WebApplicationContext: initialization completed in 4538 ms
2023-12-19T21:02:07.646+05:30  INFO 9388 --- [BACKEND-SERVER-3] [main] o.hibernate.jpa.internal.util.LogHelper  : HHH000204: Processing PersistenceUnitInfo [name: default]
2023-12-19T21:02:07.826+05:30  INFO 9388 --- [BACKEND-SERVER-3] [main] org.hibernate.Version                    : HHH000412: Hibernate ORM core version 6.3.1.Final
2023-12-19T21:02:07.910+05:30  INFO 9388 --- [BACKEND-SERVER-3] [main] o.h.c.internal.RegionFactoryInitiator    : HHH000026: Second-level cache disabled
2023-12-19T21:02:08.417+05:30  INFO 9388 --- [BACKEND-SERVER-3] [main] o.s.o.j.p.SpringPersistenceUnitInfo      : No LoadTimeWeaver setup: ignoring JPA class transformer
2023-12-19T21:02:08.479+05:30  INFO 9388 --- [BACKEND-SERVER-3] [main] com.zaxxer.hikari.HikariDataSource       : HikariPool-1 - Starting...
2023-12-19T21:02:09.287+05:30  INFO 9388 --- [BACKEND-SERVER-3] [main] com.zaxxer.hikari.pool.HikariPool        : HikariPool-1 - Added connection com.mysql.cj.jdbc.ConnectionImpl@31f5b923
2023-12-19T21:02:09.291+05:30  INFO 9388 --- [BACKEND-SERVER-3] [main] com.zaxxer.hikari.HikariDataSource       : HikariPool-1 - Start completed.
2023-12-19T21:02:11.178+05:30  INFO 9388 --- [BACKEND-SERVER-3] [main] o.h.e.t.j.p.i.JtaPlatformInitiator       : HHH000489: No JTA platform available (set 'hibernate.transaction.jta.platform' to enable JTA platform integration)
2023-12-19T21:02:11.352+05:30  INFO 9388 --- [BACKEND-SERVER-3] [main] j.LocalContainerEntityManagerFactoryBean : Initialized JPA EntityManagerFactory for persistence unit 'default'
2023-12-19T21:02:11.956+05:30  WARN 9388 --- [BACKEND-SERVER-3] [main] JpaBaseConfiguration$JpaWebConfiguration : spring.jpa.open-in-view is enabled by default. Therefore, database queries may be performed during view rendering. Explicitly configure spring.jpa.open-in-view to disable this warning
2023-12-19T21:02:13.033+05:30  INFO 9388 --- [BACKEND-SERVER-3] [main] DiscoveryClientOptionalArgsConfiguration : Eureka HTTP Client uses RestTemplate.
2023-12-19T21:02:13.295+05:30  WARN 9388 --- [BACKEND-SERVER-3] [main] iguration$LoadBalancerCaffeineWarnLogger : Spring Cloud LoadBalancer is currently working with the default cache. While this cache implementation is useful for development and tests, it's recommended to use Caffeine cache in production.You can switch to using Caffeine cache, by adding it and org.springframework.cache.caffeine.CaffeineCacheManager to the classpath.
2023-12-19T21:02:13.382+05:30  INFO 9388 --- [BACKEND-SERVER-3] [main] o.s.c.n.eureka.InstanceInfoFactory       : Setting initial instance status as: STARTING
2023-12-19T21:02:13.457+05:30  INFO 9388 --- [BACKEND-SERVER-3] [main] com.netflix.discovery.DiscoveryClient    : Initializing Eureka in region us-east-1
2023-12-19T21:02:13.468+05:30  INFO 9388 --- [BACKEND-SERVER-3] [main] c.n.d.s.r.aws.ConfigClusterResolver      : Resolving eureka endpoints via configuration
2023-12-19T21:02:13.591+05:30  INFO 9388 --- [BACKEND-SERVER-3] [main] com.netflix.discovery.DiscoveryClient    : Disable delta property : false
2023-12-19T21:02:13.592+05:30  INFO 9388 --- [BACKEND-SERVER-3] [main] com.netflix.discovery.DiscoveryClient    : Single vip registry refresh property : null
2023-12-19T21:02:13.592+05:30  INFO 9388 --- [BACKEND-SERVER-3] [main] com.netflix.discovery.DiscoveryClient    : Force full registry fetch : false
2023-12-19T21:02:13.592+05:30  INFO 9388 --- [BACKEND-SERVER-3] [main] com.netflix.discovery.DiscoveryClient    : Application is null : false
2023-12-19T21:02:13.593+05:30  INFO 9388 --- [BACKEND-SERVER-3] [main] com.netflix.discovery.DiscoveryClient    : Registered Applications size is zero : true
2023-12-19T21:02:13.593+05:30  INFO 9388 --- [BACKEND-SERVER-3] [main] com.netflix.discovery.DiscoveryClient    : Application version is -1: true
2023-12-19T21:02:13.594+05:30  INFO 9388 --- [BACKEND-SERVER-3] [main] com.netflix.discovery.DiscoveryClient    : Getting all instance registry info from the eureka server
2023-12-19T21:02:14.742+05:30  INFO 9388 --- [BACKEND-SERVER-3] [main] com.netflix.discovery.DiscoveryClient    : The response status is 200
2023-12-19T21:02:14.746+05:30  INFO 9388 --- [BACKEND-SERVER-3] [main] com.netflix.discovery.DiscoveryClient    : Starting heartbeat executor: renew interval is: 30
2023-12-19T21:02:14.751+05:30  INFO 9388 --- [BACKEND-SERVER-3] [main] c.n.discovery.InstanceInfoReplicator     : InstanceInfoReplicator onDemand update allowed rate per min is 4
2023-12-19T21:02:14.760+05:30  INFO 9388 --- [BACKEND-SERVER-3] [main] com.netflix.discovery.DiscoveryClient    : Discovery Client initialized at timestamp 1702999934757 with initial instances count: 2
2023-12-19T21:02:14.764+05:30  INFO 9388 --- [BACKEND-SERVER-3] [main] o.s.c.n.e.s.EurekaServiceRegistry        : Registering application BACKEND-SERVER-3 with eureka with status UP
2023-12-19T21:02:14.766+05:30  INFO 9388 --- [BACKEND-SERVER-3] [main] com.netflix.discovery.DiscoveryClient    : Saw local status change event StatusChangeEvent [timestamp=1702999934765, current=UP, previous=STARTING]
2023-12-19T21:02:14.768+05:30  INFO 9388 --- [BACKEND-SERVER-3] [DiscoveryClient-InstanceInfoReplicator-0] com.netflix.discovery.DiscoveryClient    : DiscoveryClient_BACKEND-SERVER-3/DESKTOP-IUH4M1K:BACKEND-SERVER-3:8083: registering service...
2023-12-19T21:02:14.839+05:30  INFO 9388 --- [BACKEND-SERVER-3] [main] o.s.b.w.embedded.tomcat.TomcatWebServer  : Tomcat started on port 8083 (http) with context path ''
2023-12-19T21:02:14.840+05:30  INFO 9388 --- [BACKEND-SERVER-3] [main] .s.c.n.e.s.EurekaAutoServiceRegistration : Updating port to 8083
2023-12-19T21:02:14.986+05:30  INFO 9388 --- [BACKEND-SERVER-3] [DiscoveryClient-InstanceInfoReplicator-0] com.netflix.discovery.DiscoveryClient    : DiscoveryClient_BACKEND-SERVER-3/DESKTOP-IUH4M1K:BACKEND-SERVER-3:8083 - registration status: 204
2023-12-19T21:02:15.087+05:30  INFO 9388 --- [BACKEND-SERVER-3] [main] c.e.b.BackendServer3Application          : Started BackendServer3Application in 14.124 seconds (process running for 16.191)
2023-12-19T21:07:13.645+05:30  INFO 9388 --- [BACKEND-SERVER-3] [AsyncResolver-bootstrap-executor-0] c.n.d.s.r.aws.ConfigClusterResolver      : Resolving eureka endpoints via configuration
2023-12-19T21:12:13.723+05:30  INFO 9388 --- [BACKEND-SERVER-3] [AsyncResolver-bootstrap-executor-0] c.n.d.s.r.aws.ConfigClusterResolver      : Resolving eureka endpoints via configuration
2023-12-19T21:17:14.063+05:30  INFO 9388 --- [BACKEND-SERVER-3] [AsyncResolver-bootstrap-executor-0] c.n.d.s.r.aws.ConfigClusterResolver      : Resolving eureka endpoints via configuration
2023-12-19T21:22:14.232+05:30  INFO 9388 --- [BACKEND-SERVER-3] [AsyncResolver-bootstrap-executor-0] c.n.d.s.r.aws.ConfigClusterResolver      : Resolving eureka endpoints via configuration
2023-12-19T21:27:14.358+05:30  INFO 9388 --- [BACKEND-SERVER-3] [AsyncResolver-bootstrap-executor-0] c.n.d.s.r.aws.ConfigClusterResolver      : Resolving eureka endpoints via configuration
2023-12-19T21:32:14.416+05:30  INFO 9388 --- [BACKEND-SERVER-3] [AsyncResolver-bootstrap-executor-0] c.n.d.s.r.aws.ConfigClusterResolver      : Resolving eureka endpoints via configuration
2023-12-19T21:37:14.484+05:30  INFO 9388 --- [BACKEND-SERVER-3] [AsyncResolver-bootstrap-executor-0] c.n.d.s.r.aws.ConfigClusterResolver      : Resolving eureka endpoints via configuration
2023-12-19T21:42:14.599+05:30  INFO 9388 --- [BACKEND-SERVER-3] [AsyncResolver-bootstrap-executor-0] c.n.d.s.r.aws.ConfigClusterResolver      : Resolving eureka endpoints via configuration
2023-12-19T21:47:14.725+05:30  INFO 9388 --- [BACKEND-SERVER-3] [AsyncResolver-bootstrap-executor-0] c.n.d.s.r.aws.ConfigClusterResolver      : Resolving eureka endpoints via configuration
2023-12-19T21:52:14.844+05:30  INFO 9388 --- [BACKEND-SERVER-3] [AsyncResolver-bootstrap-executor-0] c.n.d.s.r.aws.ConfigClusterResolver      : Resolving eureka endpoints via configuration
2023-12-19T21:57:14.934+05:30  INFO 9388 --- [BACKEND-SERVER-3] [AsyncResolver-bootstrap-executor-0] c.n.d.s.r.aws.ConfigClusterResolver      : Resolving eureka endpoints via configuration
2023-12-19T22:02:15.069+05:30  INFO 9388 --- [BACKEND-SERVER-3] [AsyncResolver-bootstrap-executor-0] c.n.d.s.r.aws.ConfigClusterResolver      : Resolving eureka endpoints via configuration
2023-12-19T22:07:15.169+05:30  INFO 9388 --- [BACKEND-SERVER-3] [AsyncResolver-bootstrap-executor-0] c.n.d.s.r.aws.ConfigClusterResolver      : Resolving eureka endpoints via configuration
2023-12-19T22:12:15.257+05:30  INFO 9388 --- [BACKEND-SERVER-3] [AsyncResolver-bootstrap-executor-0] c.n.d.s.r.aws.ConfigClusterResolver      : Resolving eureka endpoints via configuration
2023-12-19T22:15:34.721+05:30  INFO 9388 --- [BACKEND-SERVER-3] [SpringApplicationShutdownHook] o.s.c.n.e.s.EurekaServiceRegistry        : Unregistering application BACKEND-SERVER-3 with eureka with status DOWN
2023-12-19T22:15:34.749+05:30  INFO 9388 --- [BACKEND-SERVER-3] [SpringApplicationShutdownHook] com.netflix.discovery.DiscoveryClient    : Saw local status change event StatusChangeEvent [timestamp=1703004334749, current=DOWN, previous=UP]
2023-12-19T22:15:34.756+05:30  INFO 9388 --- [BACKEND-SERVER-3] [DiscoveryClient-InstanceInfoReplicator-0] com.netflix.discovery.DiscoveryClient    : DiscoveryClient_BACKEND-SERVER-3/DESKTOP-IUH4M1K:BACKEND-SERVER-3:8083: registering service...
2023-12-19T22:15:34.976+05:30  INFO 9388 --- [BACKEND-SERVER-3] [DiscoveryClient-InstanceInfoReplicator-0] com.netflix.discovery.DiscoveryClient    : DiscoveryClient_BACKEND-SERVER-3/DESKTOP-IUH4M1K:BACKEND-SERVER-3:8083 - registration status: 204
2023-12-19T22:15:35.517+05:30  INFO 9388 --- [BACKEND-SERVER-3] [SpringApplicationShutdownHook] j.LocalContainerEntityManagerFactoryBean : Closing JPA EntityManagerFactory for persistence unit 'default'
2023-12-19T22:15:35.746+05:30  INFO 9388 --- [BACKEND-SERVER-3] [SpringApplicationShutdownHook] com.zaxxer.hikari.HikariDataSource       : HikariPool-1 - Shutdown initiated...
2023-12-19T22:15:36.061+05:30  INFO 9388 --- [BACKEND-SERVER-3] [SpringApplicationShutdownHook] com.zaxxer.hikari.HikariDataSource       : HikariPool-1 - Shutdown completed.
2023-12-19T22:15:36.074+05:30  INFO 9388 --- [BACKEND-SERVER-3] [SpringApplicationShutdownHook] com.netflix.discovery.DiscoveryClient    : Shutting down DiscoveryClient ...
2023-12-19T22:15:39.095+05:30  INFO 9388 --- [BACKEND-SERVER-3] [SpringApplicationShutdownHook] com.netflix.discovery.DiscoveryClient    : Unregistering ...
2023-12-19T22:15:39.179+05:30  INFO 9388 --- [BACKEND-SERVER-3] [SpringApplicationShutdownHook] com.netflix.discovery.DiscoveryClient    : DiscoveryClient_BACKEND-SERVER-3/DESKTOP-IUH4M1K:BACKEND-SERVER-3:8083 - deregister  status: 200
2023-12-19T22:15:39.225+05:30  INFO 9388 --- [BACKEND-SERVER-3] [SpringApplicationShutdownHook] com.netflix.discovery.DiscoveryClient    : Completed shut down of DiscoveryClient
