2023-12-19T20:54:37.726+05:30  INFO 5028 --- [BACKEND-SERVER-1] [main] com.example.BackendServer1Application    : Starting BackendServer1Application using Java 17.0.9 with PID 5028 (C:\Users\Hello\Downloads\price-comparison-app\backend-server-1\target\classes started by Hello in C:\Users\Hello\Downloads\price-comparison-app)
2023-12-19T20:54:37.781+05:30  INFO 5028 --- [BACKEND-SERVER-1] [main] com.example.BackendServer1Application    : No active profile set, falling back to 1 default profile: "default"
2023-12-19T20:54:40.350+05:30  INFO 5028 --- [BACKEND-SERVER-1] [main] .s.d.r.c.RepositoryConfigurationDelegate : Bootstrapping Spring Data JPA repositories in DEFAULT mode.
2023-12-19T20:54:40.818+05:30  INFO 5028 --- [BACKEND-SERVER-1] [main] .s.d.r.c.RepositoryConfigurationDelegate : Finished Spring Data repository scanning in 436 ms. Found 1 JPA repository interface.
2023-12-19T20:54:41.796+05:30  INFO 5028 --- [BACKEND-SERVER-1] [main] o.s.cloud.context.scope.GenericScope     : BeanFactory id=1db3491b-5407-3f86-91be-6c51b2720beb
2023-12-19T20:54:42.100+05:30  WARN 5028 --- [BACKEND-SERVER-1] [main] trationDelegate$BeanPostProcessorChecker : Bean 'org.springframework.cloud.client.loadbalancer.LoadBalancerAutoConfiguration$LoadBalancerInterceptorConfig' of type [org.springframework.cloud.client.loadbalancer.LoadBalancerAutoConfiguration$LoadBalancerInterceptorConfig] is not eligible for getting processed by all BeanPostProcessors (for example: not eligible for auto-proxying). The currently created BeanPostProcessor [lbRestClientPostProcessor] is declared through a non-static factory method on that class; consider declaring it as static instead.
2023-12-19T20:54:42.104+05:30  WARN 5028 --- [BACKEND-SERVER-1] [main] trationDelegate$BeanPostProcessorChecker : Bean 'org.springframework.cloud.loadbalancer.config.BlockingLoadBalancerClientAutoConfiguration' of type [org.springframework.cloud.loadbalancer.config.BlockingLoadBalancerClientAutoConfiguration] is not eligible for getting processed by all BeanPostProcessors (for example: not eligible for auto-proxying). Is this bean getting eagerly injected into a currently created BeanPostProcessor [lbRestClientPostProcessor]? Check the corresponding BeanPostProcessor declaration and its dependencies.
2023-12-19T20:54:42.106+05:30  WARN 5028 --- [BACKEND-SERVER-1] [main] trationDelegate$BeanPostProcessorChecker : Bean 'org.springframework.cloud.loadbalancer.config.LoadBalancerAutoConfiguration' of type [org.springframework.cloud.loadbalancer.config.LoadBalancerAutoConfiguration] is not eligible for getting processed by all BeanPostProcessors (for example: not eligible for auto-proxying). Is this bean getting eagerly injected into a currently created BeanPostProcessor [lbRestClientPostProcessor]? Check the corresponding BeanPostProcessor declaration and its dependencies.
2023-12-19T20:54:42.123+05:30  WARN 5028 --- [BACKEND-SERVER-1] [main] trationDelegate$BeanPostProcessorChecker : Bean 'org.springframework.cloud.commons.config.CommonsConfigAutoConfiguration' of type [org.springframework.cloud.commons.config.CommonsConfigAutoConfiguration] is not eligible for getting processed by all BeanPostProcessors (for example: not eligible for auto-proxying). Is this bean getting eagerly injected into a currently created BeanPostProcessor [lbRestClientPostProcessor]? Check the corresponding BeanPostProcessor declaration and its dependencies.
2023-12-19T20:54:42.127+05:30  WARN 5028 --- [BACKEND-SERVER-1] [main] trationDelegate$BeanPostProcessorChecker : Bean 'org.springframework.cloud.client.loadbalancer.LoadBalancerDefaultMappingsProviderAutoConfiguration' of type [org.springframework.cloud.client.loadbalancer.LoadBalancerDefaultMappingsProviderAutoConfiguration] is not eligible for getting processed by all BeanPostProcessors (for example: not eligible for auto-proxying). Is this bean getting eagerly injected into a currently created BeanPostProcessor [lbRestClientPostProcessor]? Check the corresponding BeanPostProcessor declaration and its dependencies.
2023-12-19T20:54:42.129+05:30  WARN 5028 --- [BACKEND-SERVER-1] [main] trationDelegate$BeanPostProcessorChecker : Bean 'loadBalancerClientsDefaultsMappingsProvider' of type [org.springframework.cloud.client.loadbalancer.LoadBalancerDefaultMappingsProviderAutoConfiguration$$Lambda$630/0x000001f0aa3c4ed0] is not eligible for getting processed by all BeanPostProcessors (for example: not eligible for auto-proxying). Is this bean getting eagerly injected into a currently created BeanPostProcessor [lbRestClientPostProcessor]? Check the corresponding BeanPostProcessor declaration and its dependencies.
2023-12-19T20:54:42.132+05:30  WARN 5028 --- [BACKEND-SERVER-1] [main] trationDelegate$BeanPostProcessorChecker : Bean 'defaultsBindHandlerAdvisor' of type [org.springframework.cloud.commons.config.DefaultsBindHandlerAdvisor] is not eligible for getting processed by all BeanPostProcessors (for example: not eligible for auto-proxying). Is this bean getting eagerly injected into a currently created BeanPostProcessor [lbRestClientPostProcessor]? Check the corresponding BeanPostProcessor declaration and its dependencies.
2023-12-19T20:54:42.149+05:30  WARN 5028 --- [BACKEND-SERVER-1] [main] trationDelegate$BeanPostProcessorChecker : Bean 'spring.cloud.loadbalancer-org.springframework.cloud.client.loadbalancer.LoadBalancerClientsProperties' of type [org.springframework.cloud.client.loadbalancer.LoadBalancerClientsProperties] is not eligible for getting processed by all BeanPostProcessors (for example: not eligible for auto-proxying). Is this bean getting eagerly injected into a currently created BeanPostProcessor [lbRestClientPostProcessor]? Check the corresponding BeanPostProcessor declaration and its dependencies.
2023-12-19T20:54:42.160+05:30  WARN 5028 --- [BACKEND-SERVER-1] [main] trationDelegate$BeanPostProcessorChecker : Bean 'default.org.springframework.cloud.loadbalancer.config.LoadBalancerAutoConfiguration.LoadBalancerClientSpecification' of type [org.springframework.cloud.loadbalancer.annotation.LoadBalancerClientSpecification] is not eligible for getting processed by all BeanPostProcessors (for example: not eligible for auto-proxying). Is this bean getting eagerly injected into a currently created BeanPostProcessor [lbRestClientPostProcessor]? Check the corresponding BeanPostProcessor declaration and its dependencies.
2023-12-19T20:54:42.163+05:30  WARN 5028 --- [BACKEND-SERVER-1] [main] trationDelegate$BeanPostProcessorChecker : Bean 'default.org.springframework.cloud.loadbalancer.config.BlockingLoadBalancerClientAutoConfiguration.LoadBalancerClientSpecification' of type [org.springframework.cloud.loadbalancer.annotation.LoadBalancerClientSpecification] is not eligible for getting processed by all BeanPostProcessors (for example: not eligible for auto-proxying). Is this bean getting eagerly injected into a currently created BeanPostProcessor [lbRestClientPostProcessor]? Check the corresponding BeanPostProcessor declaration and its dependencies.
2023-12-19T20:54:42.165+05:30  WARN 5028 --- [BACKEND-SERVER-1] [main] trationDelegate$BeanPostProcessorChecker : Bean 'default.org.springframework.cloud.netflix.eureka.loadbalancer.LoadBalancerEurekaAutoConfiguration.LoadBalancerClientSpecification' of type [org.springframework.cloud.loadbalancer.annotation.LoadBalancerClientSpecification] is not eligible for getting processed by all BeanPostProcessors (for example: not eligible for auto-proxying). Is this bean getting eagerly injected into a currently created BeanPostProcessor [lbRestClientPostProcessor]? Check the corresponding BeanPostProcessor declaration and its dependencies.
2023-12-19T20:54:42.168+05:30  WARN 5028 --- [BACKEND-SERVER-1] [main] trationDelegate$BeanPostProcessorChecker : Bean 'loadBalancerClientFactory' of type [org.springframework.cloud.loadbalancer.support.LoadBalancerClientFactory] is not eligible for getting processed by all BeanPostProcessors (for example: not eligible for auto-proxying). Is this bean getting eagerly injected into a currently created BeanPostProcessor [lbRestClientPostProcessor]? Check the corresponding BeanPostProcessor declaration and its dependencies.
2023-12-19T20:54:42.180+05:30  WARN 5028 --- [BACKEND-SERVER-1] [main] trationDelegate$BeanPostProcessorChecker : Bean 'blockingLoadBalancerClient' of type [org.springframework.cloud.loadbalancer.blocking.client.BlockingLoadBalancerClient] is not eligible for getting processed by all BeanPostProcessors (for example: not eligible for auto-proxying). Is this bean getting eagerly injected into a currently created BeanPostProcessor [lbRestClientPostProcessor]? Check the corresponding BeanPostProcessor declaration and its dependencies.
2023-12-19T20:54:42.192+05:30  WARN 5028 --- [BACKEND-SERVER-1] [main] trationDelegate$BeanPostProcessorChecker : Bean 'loadBalancerServiceInstanceCookieTransformer' of type [org.springframework.cloud.loadbalancer.core.LoadBalancerServiceInstanceCookieTransformer] is not eligible for getting processed by all BeanPostProcessors (for example: not eligible for auto-proxying). Is this bean getting eagerly injected into a currently created BeanPostProcessor [lbRestClientPostProcessor]? Check the corresponding BeanPostProcessor declaration and its dependencies.
2023-12-19T20:54:42.194+05:30  WARN 5028 --- [BACKEND-SERVER-1] [main] trationDelegate$BeanPostProcessorChecker : Bean 'xForwarderHeadersTransformer' of type [org.springframework.cloud.loadbalancer.blocking.XForwardedHeadersTransformer] is not eligible for getting processed by all BeanPostProcessors (for example: not eligible for auto-proxying). Is this bean getting eagerly injected into a currently created BeanPostProcessor [lbRestClientPostProcessor]? Check the corresponding BeanPostProcessor declaration and its dependencies.
2023-12-19T20:54:42.195+05:30  WARN 5028 --- [BACKEND-SERVER-1] [main] trationDelegate$BeanPostProcessorChecker : Bean 'org.springframework.cloud.client.loadbalancer.LoadBalancerAutoConfiguration' of type [org.springframework.cloud.client.loadbalancer.LoadBalancerAutoConfiguration] is not eligible for getting processed by all BeanPostProcessors (for example: not eligible for auto-proxying). Is this bean getting eagerly injected into a currently created BeanPostProcessor [lbRestClientPostProcessor]? Check the corresponding BeanPostProcessor declaration and its dependencies.
2023-12-19T20:54:42.198+05:30  WARN 5028 --- [BACKEND-SERVER-1] [main] trationDelegate$BeanPostProcessorChecker : Bean 'loadBalancerRequestFactory' of type [org.springframework.cloud.client.loadbalancer.LoadBalancerRequestFactory] is not eligible for getting processed by all BeanPostProcessors (for example: not eligible for auto-proxying). Is this bean getting eagerly injected into a currently created BeanPostProcessor [lbRestClientPostProcessor]? Check the corresponding BeanPostProcessor declaration and its dependencies.
2023-12-19T20:54:42.199+05:30  WARN 5028 --- [BACKEND-SERVER-1] [main] trationDelegate$BeanPostProcessorChecker : Bean 'loadBalancerInterceptor' of type [org.springframework.cloud.client.loadbalancer.LoadBalancerInterceptor] is not eligible for getting processed by all BeanPostProcessors (for example: not eligible for auto-proxying). Is this bean getting eagerly injected into a currently created BeanPostProcessor [lbRestClientPostProcessor]? Check the corresponding BeanPostProcessor declaration and its dependencies.
2023-12-19T20:54:42.651+05:30  INFO 5028 --- [BACKEND-SERVER-1] [main] o.s.b.w.embedded.tomcat.TomcatWebServer  : Tomcat initialized with port 8081 (http)
2023-12-19T20:54:42.674+05:30  INFO 5028 --- [BACKEND-SERVER-1] [main] o.apache.catalina.core.StandardService   : Starting service [Tomcat]
2023-12-19T20:54:42.675+05:30  INFO 5028 --- [BACKEND-SERVER-1] [main] o.apache.catalina.core.StandardEngine    : Starting Servlet engine: [Apache Tomcat/10.1.16]
2023-12-19T20:54:42.799+05:30  INFO 5028 --- [BACKEND-SERVER-1] [main] o.a.c.c.C.[Tomcat].[localhost].[/]       : Initializing Spring embedded WebApplicationContext
2023-12-19T20:54:42.800+05:30  INFO 5028 --- [BACKEND-SERVER-1] [main] w.s.c.ServletWebServerApplicationContext : Root WebApplicationContext: initialization completed in 4806 ms
2023-12-19T20:54:43.129+05:30  INFO 5028 --- [BACKEND-SERVER-1] [main] o.hibernate.jpa.internal.util.LogHelper  : HHH000204: Processing PersistenceUnitInfo [name: default]
2023-12-19T20:54:43.256+05:30  INFO 5028 --- [BACKEND-SERVER-1] [main] org.hibernate.Version                    : HHH000412: Hibernate ORM core version 6.3.1.Final
2023-12-19T20:54:43.339+05:30  INFO 5028 --- [BACKEND-SERVER-1] [main] o.h.c.internal.RegionFactoryInitiator    : HHH000026: Second-level cache disabled
2023-12-19T20:54:43.859+05:30  INFO 5028 --- [BACKEND-SERVER-1] [main] o.s.o.j.p.SpringPersistenceUnitInfo      : No LoadTimeWeaver setup: ignoring JPA class transformer
2023-12-19T20:54:43.935+05:30  INFO 5028 --- [BACKEND-SERVER-1] [main] com.zaxxer.hikari.HikariDataSource       : HikariPool-1 - Starting...
2023-12-19T20:54:44.777+05:30  INFO 5028 --- [BACKEND-SERVER-1] [main] com.zaxxer.hikari.pool.HikariPool        : HikariPool-1 - Added connection com.mysql.cj.jdbc.ConnectionImpl@4ef31221
2023-12-19T20:54:44.781+05:30  INFO 5028 --- [BACKEND-SERVER-1] [main] com.zaxxer.hikari.HikariDataSource       : HikariPool-1 - Start completed.
2023-12-19T20:54:46.551+05:30  INFO 5028 --- [BACKEND-SERVER-1] [main] o.h.e.t.j.p.i.JtaPlatformInitiator       : HHH000489: No JTA platform available (set 'hibernate.transaction.jta.platform' to enable JTA platform integration)
2023-12-19T20:54:46.763+05:30  INFO 5028 --- [BACKEND-SERVER-1] [main] j.LocalContainerEntityManagerFactoryBean : Initialized JPA EntityManagerFactory for persistence unit 'default'
2023-12-19T20:54:47.348+05:30  WARN 5028 --- [BACKEND-SERVER-1] [main] JpaBaseConfiguration$JpaWebConfiguration : spring.jpa.open-in-view is enabled by default. Therefore, database queries may be performed during view rendering. Explicitly configure spring.jpa.open-in-view to disable this warning
2023-12-19T20:54:48.328+05:30  INFO 5028 --- [BACKEND-SERVER-1] [main] DiscoveryClientOptionalArgsConfiguration : Eureka HTTP Client uses RestTemplate.
2023-12-19T20:54:48.572+05:30  WARN 5028 --- [BACKEND-SERVER-1] [main] iguration$LoadBalancerCaffeineWarnLogger : Spring Cloud LoadBalancer is currently working with the default cache. While this cache implementation is useful for development and tests, it's recommended to use Caffeine cache in production.You can switch to using Caffeine cache, by adding it and org.springframework.cache.caffeine.CaffeineCacheManager to the classpath.
2023-12-19T20:54:48.645+05:30  INFO 5028 --- [BACKEND-SERVER-1] [main] o.s.c.n.eureka.InstanceInfoFactory       : Setting initial instance status as: STARTING
2023-12-19T20:54:48.709+05:30  INFO 5028 --- [BACKEND-SERVER-1] [main] com.netflix.discovery.DiscoveryClient    : Initializing Eureka in region us-east-1
2023-12-19T20:54:48.717+05:30  INFO 5028 --- [BACKEND-SERVER-1] [main] c.n.d.s.r.aws.ConfigClusterResolver      : Resolving eureka endpoints via configuration
2023-12-19T20:54:48.767+05:30  INFO 5028 --- [BACKEND-SERVER-1] [main] com.netflix.discovery.DiscoveryClient    : Disable delta property : false
2023-12-19T20:54:48.767+05:30  INFO 5028 --- [BACKEND-SERVER-1] [main] com.netflix.discovery.DiscoveryClient    : Single vip registry refresh property : null
2023-12-19T20:54:48.768+05:30  INFO 5028 --- [BACKEND-SERVER-1] [main] com.netflix.discovery.DiscoveryClient    : Force full registry fetch : false
2023-12-19T20:54:48.768+05:30  INFO 5028 --- [BACKEND-SERVER-1] [main] com.netflix.discovery.DiscoveryClient    : Application is null : false
2023-12-19T20:54:48.768+05:30  INFO 5028 --- [BACKEND-SERVER-1] [main] com.netflix.discovery.DiscoveryClient    : Registered Applications size is zero : true
2023-12-19T20:54:48.768+05:30  INFO 5028 --- [BACKEND-SERVER-1] [main] com.netflix.discovery.DiscoveryClient    : Application version is -1: true
2023-12-19T20:54:48.768+05:30  INFO 5028 --- [BACKEND-SERVER-1] [main] com.netflix.discovery.DiscoveryClient    : Getting all instance registry info from the eureka server
2023-12-19T20:54:51.490+05:30  INFO 5028 --- [BACKEND-SERVER-1] [main] com.netflix.discovery.DiscoveryClient    : The response status is 200
2023-12-19T20:54:51.493+05:30  INFO 5028 --- [BACKEND-SERVER-1] [main] com.netflix.discovery.DiscoveryClient    : Starting heartbeat executor: renew interval is: 30
2023-12-19T20:54:51.499+05:30  INFO 5028 --- [BACKEND-SERVER-1] [main] c.n.discovery.InstanceInfoReplicator     : InstanceInfoReplicator onDemand update allowed rate per min is 4
2023-12-19T20:54:51.507+05:30  INFO 5028 --- [BACKEND-SERVER-1] [main] com.netflix.discovery.DiscoveryClient    : Discovery Client initialized at timestamp 1702999491504 with initial instances count: 0
2023-12-19T20:54:51.511+05:30  INFO 5028 --- [BACKEND-SERVER-1] [main] o.s.c.n.e.s.EurekaServiceRegistry        : Registering application BACKEND-SERVER-1 with eureka with status UP
2023-12-19T20:54:51.512+05:30  INFO 5028 --- [BACKEND-SERVER-1] [main] com.netflix.discovery.DiscoveryClient    : Saw local status change event StatusChangeEvent [timestamp=1702999491512, current=UP, previous=STARTING]
2023-12-19T20:54:51.516+05:30  INFO 5028 --- [BACKEND-SERVER-1] [DiscoveryClient-InstanceInfoReplicator-0] com.netflix.discovery.DiscoveryClient    : DiscoveryClient_BACKEND-SERVER-1/DESKTOP-IUH4M1K:BACKEND-SERVER-1:8081: registering service...
2023-12-19T20:54:51.584+05:30  INFO 5028 --- [BACKEND-SERVER-1] [main] o.s.b.w.embedded.tomcat.TomcatWebServer  : Tomcat started on port 8081 (http) with context path ''
2023-12-19T20:54:51.586+05:30  INFO 5028 --- [BACKEND-SERVER-1] [main] .s.c.n.e.s.EurekaAutoServiceRegistration : Updating port to 8081
2023-12-19T20:54:51.829+05:30  INFO 5028 --- [BACKEND-SERVER-1] [main] com.example.BackendServer1Application    : Started BackendServer1Application in 15.691 seconds (process running for 17.416)
2023-12-19T20:54:51.916+05:30  INFO 5028 --- [BACKEND-SERVER-1] [DiscoveryClient-InstanceInfoReplicator-0] com.netflix.discovery.DiscoveryClient    : DiscoveryClient_BACKEND-SERVER-1/DESKTOP-IUH4M1K:BACKEND-SERVER-1:8081 - registration status: 204
2023-12-19T20:55:21.505+05:30  INFO 5028 --- [BACKEND-SERVER-1] [DiscoveryClient-CacheRefreshExecutor-0] com.netflix.discovery.DiscoveryClient    : Disable delta property : false
2023-12-19T20:55:21.507+05:30  INFO 5028 --- [BACKEND-SERVER-1] [DiscoveryClient-CacheRefreshExecutor-0] com.netflix.discovery.DiscoveryClient    : Single vip registry refresh property : null
2023-12-19T20:55:21.507+05:30  INFO 5028 --- [BACKEND-SERVER-1] [DiscoveryClient-CacheRefreshExecutor-0] com.netflix.discovery.DiscoveryClient    : Force full registry fetch : false
2023-12-19T20:55:21.507+05:30  INFO 5028 --- [BACKEND-SERVER-1] [DiscoveryClient-CacheRefreshExecutor-0] com.netflix.discovery.DiscoveryClient    : Application is null : false
2023-12-19T20:55:21.508+05:30  INFO 5028 --- [BACKEND-SERVER-1] [DiscoveryClient-CacheRefreshExecutor-0] com.netflix.discovery.DiscoveryClient    : Registered Applications size is zero : true
2023-12-19T20:55:21.508+05:30  INFO 5028 --- [BACKEND-SERVER-1] [DiscoveryClient-CacheRefreshExecutor-0] com.netflix.discovery.DiscoveryClient    : Application version is -1: false
2023-12-19T20:55:21.508+05:30  INFO 5028 --- [BACKEND-SERVER-1] [DiscoveryClient-CacheRefreshExecutor-0] com.netflix.discovery.DiscoveryClient    : Getting all instance registry info from the eureka server
2023-12-19T20:55:21.615+05:30  INFO 5028 --- [BACKEND-SERVER-1] [DiscoveryClient-CacheRefreshExecutor-0] com.netflix.discovery.DiscoveryClient    : The response status is 200
2023-12-19T20:59:49.181+05:30  INFO 5028 --- [BACKEND-SERVER-1] [AsyncResolver-bootstrap-executor-0] c.n.d.s.r.aws.ConfigClusterResolver      : Resolving eureka endpoints via configuration
2023-12-19T21:02:59.747+05:30  INFO 5028 --- [BACKEND-SERVER-1] [http-nio-8081-exec-1] o.a.c.c.C.[Tomcat].[localhost].[/]       : Initializing Spring DispatcherServlet 'dispatcherServlet'
2023-12-19T21:02:59.786+05:30  INFO 5028 --- [BACKEND-SERVER-1] [http-nio-8081-exec-1] o.s.web.servlet.DispatcherServlet        : Initializing Servlet 'dispatcherServlet'
2023-12-19T21:03:00.002+05:30  INFO 5028 --- [BACKEND-SERVER-1] [http-nio-8081-exec-1] o.s.web.servlet.DispatcherServlet        : Completed initialization in 214 ms
2023-12-19T21:04:49.332+05:30  INFO 5028 --- [BACKEND-SERVER-1] [AsyncResolver-bootstrap-executor-0] c.n.d.s.r.aws.ConfigClusterResolver      : Resolving eureka endpoints via configuration
2023-12-19T21:09:49.389+05:30  INFO 5028 --- [BACKEND-SERVER-1] [AsyncResolver-bootstrap-executor-0] c.n.d.s.r.aws.ConfigClusterResolver      : Resolving eureka endpoints via configuration
2023-12-19T21:14:49.442+05:30  INFO 5028 --- [BACKEND-SERVER-1] [AsyncResolver-bootstrap-executor-0] c.n.d.s.r.aws.ConfigClusterResolver      : Resolving eureka endpoints via configuration
2023-12-19T21:19:49.584+05:30  INFO 5028 --- [BACKEND-SERVER-1] [AsyncResolver-bootstrap-executor-0] c.n.d.s.r.aws.ConfigClusterResolver      : Resolving eureka endpoints via configuration
2023-12-19T21:24:49.950+05:30  INFO 5028 --- [BACKEND-SERVER-1] [AsyncResolver-bootstrap-executor-0] c.n.d.s.r.aws.ConfigClusterResolver      : Resolving eureka endpoints via configuration
2023-12-19T21:29:50.037+05:30  INFO 5028 --- [BACKEND-SERVER-1] [AsyncResolver-bootstrap-executor-0] c.n.d.s.r.aws.ConfigClusterResolver      : Resolving eureka endpoints via configuration
2023-12-19T21:34:50.144+05:30  INFO 5028 --- [BACKEND-SERVER-1] [AsyncResolver-bootstrap-executor-0] c.n.d.s.r.aws.ConfigClusterResolver      : Resolving eureka endpoints via configuration
2023-12-19T21:39:50.371+05:30  INFO 5028 --- [BACKEND-SERVER-1] [AsyncResolver-bootstrap-executor-0] c.n.d.s.r.aws.ConfigClusterResolver      : Resolving eureka endpoints via configuration
2023-12-19T21:44:50.499+05:30  INFO 5028 --- [BACKEND-SERVER-1] [AsyncResolver-bootstrap-executor-0] c.n.d.s.r.aws.ConfigClusterResolver      : Resolving eureka endpoints via configuration
2023-12-19T21:49:50.758+05:30  INFO 5028 --- [BACKEND-SERVER-1] [AsyncResolver-bootstrap-executor-0] c.n.d.s.r.aws.ConfigClusterResolver      : Resolving eureka endpoints via configuration
2023-12-19T21:54:51.089+05:30  INFO 5028 --- [BACKEND-SERVER-1] [AsyncResolver-bootstrap-executor-0] c.n.d.s.r.aws.ConfigClusterResolver      : Resolving eureka endpoints via configuration
2023-12-19T21:59:51.393+05:30  INFO 5028 --- [BACKEND-SERVER-1] [AsyncResolver-bootstrap-executor-0] c.n.d.s.r.aws.ConfigClusterResolver      : Resolving eureka endpoints via configuration
2023-12-19T22:03:24.803+05:30  INFO 5028 --- [BACKEND-SERVER-1] [SpringApplicationShutdownHook] o.s.c.n.e.s.EurekaServiceRegistry        : Unregistering application BACKEND-SERVER-1 with eureka with status DOWN
2023-12-19T22:03:24.875+05:30  INFO 5028 --- [BACKEND-SERVER-1] [SpringApplicationShutdownHook] com.netflix.discovery.DiscoveryClient    : Saw local status change event StatusChangeEvent [timestamp=1703003604874, current=DOWN, previous=UP]
2023-12-19T22:03:24.885+05:30  INFO 5028 --- [BACKEND-SERVER-1] [DiscoveryClient-InstanceInfoReplicator-0] com.netflix.discovery.DiscoveryClient    : DiscoveryClient_BACKEND-SERVER-1/DESKTOP-IUH4M1K:BACKEND-SERVER-1:8081: registering service...
2023-12-19T22:03:25.517+05:30  INFO 5028 --- [BACKEND-SERVER-1] [DiscoveryClient-InstanceInfoReplicator-0] com.netflix.discovery.DiscoveryClient    : DiscoveryClient_BACKEND-SERVER-1/DESKTOP-IUH4M1K:BACKEND-SERVER-1:8081 - registration status: 204
2023-12-19T22:03:25.971+05:30  INFO 5028 --- [BACKEND-SERVER-1] [SpringApplicationShutdownHook] j.LocalContainerEntityManagerFactoryBean : Closing JPA EntityManagerFactory for persistence unit 'default'
2023-12-19T22:03:26.218+05:30  INFO 5028 --- [BACKEND-SERVER-1] [SpringApplicationShutdownHook] com.zaxxer.hikari.HikariDataSource       : HikariPool-1 - Shutdown initiated...
2023-12-19T22:03:26.495+05:30  INFO 5028 --- [BACKEND-SERVER-1] [SpringApplicationShutdownHook] com.zaxxer.hikari.HikariDataSource       : HikariPool-1 - Shutdown completed.
2023-12-19T22:03:26.513+05:30  INFO 5028 --- [BACKEND-SERVER-1] [SpringApplicationShutdownHook] com.netflix.discovery.DiscoveryClient    : Shutting down DiscoveryClient ...
2023-12-19T22:03:29.577+05:30  INFO 5028 --- [BACKEND-SERVER-1] [SpringApplicationShutdownHook] com.netflix.discovery.DiscoveryClient    : Unregistering ...
2023-12-19T22:03:29.935+05:30  INFO 5028 --- [BACKEND-SERVER-1] [SpringApplicationShutdownHook] com.netflix.discovery.DiscoveryClient    : DiscoveryClient_BACKEND-SERVER-1/DESKTOP-IUH4M1K:BACKEND-SERVER-1:8081 - deregister  status: 200
2023-12-19T22:03:29.992+05:30  INFO 5028 --- [BACKEND-SERVER-1] [SpringApplicationShutdownHook] com.netflix.discovery.DiscoveryClient    : Completed shut down of DiscoveryClient
