2023-12-19T20:58:25.652+05:30  INFO 3116 --- [BACKEND-SERVER-2] [main] com.example.BackendServer2Application    : Starting BackendServer2Application using Java 17.0.9 with PID 3116 (C:\Users\Hello\Downloads\backend-server-2\target\classes started by Hello in C:\Users\Hello\Downloads\backend-server-2)
2023-12-19T20:58:25.666+05:30  INFO 3116 --- [BACKEND-SERVER-2] [main] com.example.BackendServer2Application    : No active profile set, falling back to 1 default profile: "default"
2023-12-19T20:58:27.579+05:30  INFO 3116 --- [BACKEND-SERVER-2] [main] .s.d.r.c.RepositoryConfigurationDelegate : Bootstrapping Spring Data JPA repositories in DEFAULT mode.
2023-12-19T20:58:28.019+05:30  INFO 3116 --- [BACKEND-SERVER-2] [main] .s.d.r.c.RepositoryConfigurationDelegate : Finished Spring Data repository scanning in 421 ms. Found 1 JPA repository interface.
2023-12-19T20:58:28.638+05:30  INFO 3116 --- [BACKEND-SERVER-2] [main] o.s.cloud.context.scope.GenericScope     : BeanFactory id=790753e0-15af-3d57-aa90-60f9e8205c65
2023-12-19T20:58:28.971+05:30  WARN 3116 --- [BACKEND-SERVER-2] [main] trationDelegate$BeanPostProcessorChecker : Bean 'org.springframework.cloud.client.loadbalancer.LoadBalancerAutoConfiguration$LoadBalancerInterceptorConfig' of type [org.springframework.cloud.client.loadbalancer.LoadBalancerAutoConfiguration$LoadBalancerInterceptorConfig] is not eligible for getting processed by all BeanPostProcessors (for example: not eligible for auto-proxying). The currently created BeanPostProcessor [lbRestClientPostProcessor] is declared through a non-static factory method on that class; consider declaring it as static instead.
2023-12-19T20:58:28.976+05:30  WARN 3116 --- [BACKEND-SERVER-2] [main] trationDelegate$BeanPostProcessorChecker : Bean 'org.springframework.cloud.loadbalancer.config.BlockingLoadBalancerClientAutoConfiguration' of type [org.springframework.cloud.loadbalancer.config.BlockingLoadBalancerClientAutoConfiguration] is not eligible for getting processed by all BeanPostProcessors (for example: not eligible for auto-proxying). Is this bean getting eagerly injected into a currently created BeanPostProcessor [lbRestClientPostProcessor]? Check the corresponding BeanPostProcessor declaration and its dependencies.
2023-12-19T20:58:28.978+05:30  WARN 3116 --- [BACKEND-SERVER-2] [main] trationDelegate$BeanPostProcessorChecker : Bean 'org.springframework.cloud.loadbalancer.config.LoadBalancerAutoConfiguration' of type [org.springframework.cloud.loadbalancer.config.LoadBalancerAutoConfiguration] is not eligible for getting processed by all BeanPostProcessors (for example: not eligible for auto-proxying). Is this bean getting eagerly injected into a currently created BeanPostProcessor [lbRestClientPostProcessor]? Check the corresponding BeanPostProcessor declaration and its dependencies.
2023-12-19T20:58:28.997+05:30  WARN 3116 --- [BACKEND-SERVER-2] [main] trationDelegate$BeanPostProcessorChecker : Bean 'org.springframework.cloud.commons.config.CommonsConfigAutoConfiguration' of type [org.springframework.cloud.commons.config.CommonsConfigAutoConfiguration] is not eligible for getting processed by all BeanPostProcessors (for example: not eligible for auto-proxying). Is this bean getting eagerly injected into a currently created BeanPostProcessor [lbRestClientPostProcessor]? Check the corresponding BeanPostProcessor declaration and its dependencies.
2023-12-19T20:58:29.002+05:30  WARN 3116 --- [BACKEND-SERVER-2] [main] trationDelegate$BeanPostProcessorChecker : Bean 'org.springframework.cloud.client.loadbalancer.LoadBalancerDefaultMappingsProviderAutoConfiguration' of type [org.springframework.cloud.client.loadbalancer.LoadBalancerDefaultMappingsProviderAutoConfiguration] is not eligible for getting processed by all BeanPostProcessors (for example: not eligible for auto-proxying). Is this bean getting eagerly injected into a currently created BeanPostProcessor [lbRestClientPostProcessor]? Check the corresponding BeanPostProcessor declaration and its dependencies.
2023-12-19T20:58:29.003+05:30  WARN 3116 --- [BACKEND-SERVER-2] [main] trationDelegate$BeanPostProcessorChecker : Bean 'loadBalancerClientsDefaultsMappingsProvider' of type [org.springframework.cloud.client.loadbalancer.LoadBalancerDefaultMappingsProviderAutoConfiguration$$Lambda$630/0x0000022d813bcd90] is not eligible for getting processed by all BeanPostProcessors (for example: not eligible for auto-proxying). Is this bean getting eagerly injected into a currently created BeanPostProcessor [lbRestClientPostProcessor]? Check the corresponding BeanPostProcessor declaration and its dependencies.
2023-12-19T20:58:29.008+05:30  WARN 3116 --- [BACKEND-SERVER-2] [main] trationDelegate$BeanPostProcessorChecker : Bean 'defaultsBindHandlerAdvisor' of type [org.springframework.cloud.commons.config.DefaultsBindHandlerAdvisor] is not eligible for getting processed by all BeanPostProcessors (for example: not eligible for auto-proxying). Is this bean getting eagerly injected into a currently created BeanPostProcessor [lbRestClientPostProcessor]? Check the corresponding BeanPostProcessor declaration and its dependencies.
2023-12-19T20:58:29.032+05:30  WARN 3116 --- [BACKEND-SERVER-2] [main] trationDelegate$BeanPostProcessorChecker : Bean 'spring.cloud.loadbalancer-org.springframework.cloud.client.loadbalancer.LoadBalancerClientsProperties' of type [org.springframework.cloud.client.loadbalancer.LoadBalancerClientsProperties] is not eligible for getting processed by all BeanPostProcessors (for example: not eligible for auto-proxying). Is this bean getting eagerly injected into a currently created BeanPostProcessor [lbRestClientPostProcessor]? Check the corresponding BeanPostProcessor declaration and its dependencies.
2023-12-19T20:58:29.046+05:30  WARN 3116 --- [BACKEND-SERVER-2] [main] trationDelegate$BeanPostProcessorChecker : Bean 'default.org.springframework.cloud.loadbalancer.config.LoadBalancerAutoConfiguration.LoadBalancerClientSpecification' of type [org.springframework.cloud.loadbalancer.annotation.LoadBalancerClientSpecification] is not eligible for getting processed by all BeanPostProcessors (for example: not eligible for auto-proxying). Is this bean getting eagerly injected into a currently created BeanPostProcessor [lbRestClientPostProcessor]? Check the corresponding BeanPostProcessor declaration and its dependencies.
2023-12-19T20:58:29.052+05:30  WARN 3116 --- [BACKEND-SERVER-2] [main] trationDelegate$BeanPostProcessorChecker : Bean 'default.org.springframework.cloud.loadbalancer.config.BlockingLoadBalancerClientAutoConfiguration.LoadBalancerClientSpecification' of type [org.springframework.cloud.loadbalancer.annotation.LoadBalancerClientSpecification] is not eligible for getting processed by all BeanPostProcessors (for example: not eligible for auto-proxying). Is this bean getting eagerly injected into a currently created BeanPostProcessor [lbRestClientPostProcessor]? Check the corresponding BeanPostProcessor declaration and its dependencies.
2023-12-19T20:58:29.054+05:30  WARN 3116 --- [BACKEND-SERVER-2] [main] trationDelegate$BeanPostProcessorChecker : Bean 'default.org.springframework.cloud.netflix.eureka.loadbalancer.LoadBalancerEurekaAutoConfiguration.LoadBalancerClientSpecification' of type [org.springframework.cloud.loadbalancer.annotation.LoadBalancerClientSpecification] is not eligible for getting processed by all BeanPostProcessors (for example: not eligible for auto-proxying). Is this bean getting eagerly injected into a currently created BeanPostProcessor [lbRestClientPostProcessor]? Check the corresponding BeanPostProcessor declaration and its dependencies.
2023-12-19T20:58:29.058+05:30  WARN 3116 --- [BACKEND-SERVER-2] [main] trationDelegate$BeanPostProcessorChecker : Bean 'loadBalancerClientFactory' of type [org.springframework.cloud.loadbalancer.support.LoadBalancerClientFactory] is not eligible for getting processed by all BeanPostProcessors (for example: not eligible for auto-proxying). Is this bean getting eagerly injected into a currently created BeanPostProcessor [lbRestClientPostProcessor]? Check the corresponding BeanPostProcessor declaration and its dependencies.
2023-12-19T20:58:29.071+05:30  WARN 3116 --- [BACKEND-SERVER-2] [main] trationDelegate$BeanPostProcessorChecker : Bean 'blockingLoadBalancerClient' of type [org.springframework.cloud.loadbalancer.blocking.client.BlockingLoadBalancerClient] is not eligible for getting processed by all BeanPostProcessors (for example: not eligible for auto-proxying). Is this bean getting eagerly injected into a currently created BeanPostProcessor [lbRestClientPostProcessor]? Check the corresponding BeanPostProcessor declaration and its dependencies.
2023-12-19T20:58:29.090+05:30  WARN 3116 --- [BACKEND-SERVER-2] [main] trationDelegate$BeanPostProcessorChecker : Bean 'loadBalancerServiceInstanceCookieTransformer' of type [org.springframework.cloud.loadbalancer.core.LoadBalancerServiceInstanceCookieTransformer] is not eligible for getting processed by all BeanPostProcessors (for example: not eligible for auto-proxying). Is this bean getting eagerly injected into a currently created BeanPostProcessor [lbRestClientPostProcessor]? Check the corresponding BeanPostProcessor declaration and its dependencies.
2023-12-19T20:58:29.092+05:30  WARN 3116 --- [BACKEND-SERVER-2] [main] trationDelegate$BeanPostProcessorChecker : Bean 'xForwarderHeadersTransformer' of type [org.springframework.cloud.loadbalancer.blocking.XForwardedHeadersTransformer] is not eligible for getting processed by all BeanPostProcessors (for example: not eligible for auto-proxying). Is this bean getting eagerly injected into a currently created BeanPostProcessor [lbRestClientPostProcessor]? Check the corresponding BeanPostProcessor declaration and its dependencies.
2023-12-19T20:58:29.096+05:30  WARN 3116 --- [BACKEND-SERVER-2] [main] trationDelegate$BeanPostProcessorChecker : Bean 'org.springframework.cloud.client.loadbalancer.LoadBalancerAutoConfiguration' of type [org.springframework.cloud.client.loadbalancer.LoadBalancerAutoConfiguration] is not eligible for getting processed by all BeanPostProcessors (for example: not eligible for auto-proxying). Is this bean getting eagerly injected into a currently created BeanPostProcessor [lbRestClientPostProcessor]? Check the corresponding BeanPostProcessor declaration and its dependencies.
2023-12-19T20:58:29.103+05:30  WARN 3116 --- [BACKEND-SERVER-2] [main] trationDelegate$BeanPostProcessorChecker : Bean 'loadBalancerRequestFactory' of type [org.springframework.cloud.client.loadbalancer.LoadBalancerRequestFactory] is not eligible for getting processed by all BeanPostProcessors (for example: not eligible for auto-proxying). Is this bean getting eagerly injected into a currently created BeanPostProcessor [lbRestClientPostProcessor]? Check the corresponding BeanPostProcessor declaration and its dependencies.
2023-12-19T20:58:29.107+05:30  WARN 3116 --- [BACKEND-SERVER-2] [main] trationDelegate$BeanPostProcessorChecker : Bean 'loadBalancerInterceptor' of type [org.springframework.cloud.client.loadbalancer.LoadBalancerInterceptor] is not eligible for getting processed by all BeanPostProcessors (for example: not eligible for auto-proxying). Is this bean getting eagerly injected into a currently created BeanPostProcessor [lbRestClientPostProcessor]? Check the corresponding BeanPostProcessor declaration and its dependencies.
2023-12-19T20:58:29.902+05:30  INFO 3116 --- [BACKEND-SERVER-2] [main] o.s.b.w.embedded.tomcat.TomcatWebServer  : Tomcat initialized with port 8082 (http)
2023-12-19T20:58:29.931+05:30  INFO 3116 --- [BACKEND-SERVER-2] [main] o.apache.catalina.core.StandardService   : Starting service [Tomcat]
2023-12-19T20:58:29.932+05:30  INFO 3116 --- [BACKEND-SERVER-2] [main] o.apache.catalina.core.StandardEngine    : Starting Servlet engine: [Apache Tomcat/10.1.16]
2023-12-19T20:58:30.171+05:30  INFO 3116 --- [BACKEND-SERVER-2] [main] o.a.c.c.C.[Tomcat].[localhost].[/]       : Initializing Spring embedded WebApplicationContext
2023-12-19T20:58:30.172+05:30  INFO 3116 --- [BACKEND-SERVER-2] [main] w.s.c.ServletWebServerApplicationContext : Root WebApplicationContext: initialization completed in 4342 ms
2023-12-19T20:58:30.586+05:30  INFO 3116 --- [BACKEND-SERVER-2] [main] o.hibernate.jpa.internal.util.LogHelper  : HHH000204: Processing PersistenceUnitInfo [name: default]
2023-12-19T20:58:30.764+05:30  INFO 3116 --- [BACKEND-SERVER-2] [main] org.hibernate.Version                    : HHH000412: Hibernate ORM core version 6.3.1.Final
2023-12-19T20:58:30.879+05:30  INFO 3116 --- [BACKEND-SERVER-2] [main] o.h.c.internal.RegionFactoryInitiator    : HHH000026: Second-level cache disabled
2023-12-19T20:58:31.888+05:30  INFO 3116 --- [BACKEND-SERVER-2] [main] o.s.o.j.p.SpringPersistenceUnitInfo      : No LoadTimeWeaver setup: ignoring JPA class transformer
2023-12-19T20:58:32.095+05:30  INFO 3116 --- [BACKEND-SERVER-2] [main] com.zaxxer.hikari.HikariDataSource       : HikariPool-1 - Starting...
2023-12-19T20:58:33.555+05:30  INFO 3116 --- [BACKEND-SERVER-2] [main] com.zaxxer.hikari.pool.HikariPool        : HikariPool-1 - Added connection com.mysql.cj.jdbc.ConnectionImpl@7fcc3745
2023-12-19T20:58:33.561+05:30  INFO 3116 --- [BACKEND-SERVER-2] [main] com.zaxxer.hikari.HikariDataSource       : HikariPool-1 - Start completed.
2023-12-19T20:58:36.873+05:30  INFO 3116 --- [BACKEND-SERVER-2] [main] o.h.e.t.j.p.i.JtaPlatformInitiator       : HHH000489: No JTA platform available (set 'hibernate.transaction.jta.platform' to enable JTA platform integration)
2023-12-19T20:58:37.080+05:30  INFO 3116 --- [BACKEND-SERVER-2] [main] j.LocalContainerEntityManagerFactoryBean : Initialized JPA EntityManagerFactory for persistence unit 'default'
2023-12-19T20:58:38.328+05:30  WARN 3116 --- [BACKEND-SERVER-2] [main] JpaBaseConfiguration$JpaWebConfiguration : spring.jpa.open-in-view is enabled by default. Therefore, database queries may be performed during view rendering. Explicitly configure spring.jpa.open-in-view to disable this warning
2023-12-19T20:58:39.676+05:30  INFO 3116 --- [BACKEND-SERVER-2] [main] DiscoveryClientOptionalArgsConfiguration : Eureka HTTP Client uses RestTemplate.
2023-12-19T20:58:39.916+05:30  WARN 3116 --- [BACKEND-SERVER-2] [main] iguration$LoadBalancerCaffeineWarnLogger : Spring Cloud LoadBalancer is currently working with the default cache. While this cache implementation is useful for development and tests, it's recommended to use Caffeine cache in production.You can switch to using Caffeine cache, by adding it and org.springframework.cache.caffeine.CaffeineCacheManager to the classpath.
2023-12-19T20:58:39.999+05:30  INFO 3116 --- [BACKEND-SERVER-2] [main] o.s.c.n.eureka.InstanceInfoFactory       : Setting initial instance status as: STARTING
2023-12-19T20:58:40.072+05:30  INFO 3116 --- [BACKEND-SERVER-2] [main] com.netflix.discovery.DiscoveryClient    : Initializing Eureka in region us-east-1
2023-12-19T20:58:40.086+05:30  INFO 3116 --- [BACKEND-SERVER-2] [main] c.n.d.s.r.aws.ConfigClusterResolver      : Resolving eureka endpoints via configuration
2023-12-19T20:58:40.142+05:30  INFO 3116 --- [BACKEND-SERVER-2] [main] com.netflix.discovery.DiscoveryClient    : Disable delta property : false
2023-12-19T20:58:40.142+05:30  INFO 3116 --- [BACKEND-SERVER-2] [main] com.netflix.discovery.DiscoveryClient    : Single vip registry refresh property : null
2023-12-19T20:58:40.143+05:30  INFO 3116 --- [BACKEND-SERVER-2] [main] com.netflix.discovery.DiscoveryClient    : Force full registry fetch : false
2023-12-19T20:58:40.143+05:30  INFO 3116 --- [BACKEND-SERVER-2] [main] com.netflix.discovery.DiscoveryClient    : Application is null : false
2023-12-19T20:58:40.144+05:30  INFO 3116 --- [BACKEND-SERVER-2] [main] com.netflix.discovery.DiscoveryClient    : Registered Applications size is zero : true
2023-12-19T20:58:40.144+05:30  INFO 3116 --- [BACKEND-SERVER-2] [main] com.netflix.discovery.DiscoveryClient    : Application version is -1: true
2023-12-19T20:58:40.144+05:30  INFO 3116 --- [BACKEND-SERVER-2] [main] com.netflix.discovery.DiscoveryClient    : Getting all instance registry info from the eureka server
2023-12-19T20:58:41.140+05:30  INFO 3116 --- [BACKEND-SERVER-2] [main] com.netflix.discovery.DiscoveryClient    : The response status is 200
2023-12-19T20:58:41.147+05:30  INFO 3116 --- [BACKEND-SERVER-2] [main] com.netflix.discovery.DiscoveryClient    : Starting heartbeat executor: renew interval is: 30
2023-12-19T20:58:41.152+05:30  INFO 3116 --- [BACKEND-SERVER-2] [main] c.n.discovery.InstanceInfoReplicator     : InstanceInfoReplicator onDemand update allowed rate per min is 4
2023-12-19T20:58:41.161+05:30  INFO 3116 --- [BACKEND-SERVER-2] [main] com.netflix.discovery.DiscoveryClient    : Discovery Client initialized at timestamp 1702999721159 with initial instances count: 1
2023-12-19T20:58:41.166+05:30  INFO 3116 --- [BACKEND-SERVER-2] [main] o.s.c.n.e.s.EurekaServiceRegistry        : Registering application BACKEND-SERVER-2 with eureka with status UP
2023-12-19T20:58:41.167+05:30  INFO 3116 --- [BACKEND-SERVER-2] [main] com.netflix.discovery.DiscoveryClient    : Saw local status change event StatusChangeEvent [timestamp=1702999721167, current=UP, previous=STARTING]
2023-12-19T20:58:41.169+05:30  INFO 3116 --- [BACKEND-SERVER-2] [DiscoveryClient-InstanceInfoReplicator-0] com.netflix.discovery.DiscoveryClient    : DiscoveryClient_BACKEND-SERVER-2/DESKTOP-IUH4M1K:BACKEND-SERVER-2:8082: registering service...
2023-12-19T20:58:41.249+05:30  INFO 3116 --- [BACKEND-SERVER-2] [main] o.s.b.w.embedded.tomcat.TomcatWebServer  : Tomcat started on port 8082 (http) with context path ''
2023-12-19T20:58:41.252+05:30  INFO 3116 --- [BACKEND-SERVER-2] [main] .s.c.n.e.s.EurekaAutoServiceRegistration : Updating port to 8082
2023-12-19T20:58:41.400+05:30  INFO 3116 --- [BACKEND-SERVER-2] [DiscoveryClient-InstanceInfoReplicator-0] com.netflix.discovery.DiscoveryClient    : DiscoveryClient_BACKEND-SERVER-2/DESKTOP-IUH4M1K:BACKEND-SERVER-2:8082 - registration status: 204
2023-12-19T20:58:41.516+05:30  INFO 3116 --- [BACKEND-SERVER-2] [main] com.example.BackendServer2Application    : Started BackendServer2Application in 17.147 seconds (process running for 19.05)
2023-12-19T21:03:40.238+05:30  INFO 3116 --- [BACKEND-SERVER-2] [AsyncResolver-bootstrap-executor-0] c.n.d.s.r.aws.ConfigClusterResolver      : Resolving eureka endpoints via configuration
2023-12-19T21:08:40.370+05:30  INFO 3116 --- [BACKEND-SERVER-2] [AsyncResolver-bootstrap-executor-0] c.n.d.s.r.aws.ConfigClusterResolver      : Resolving eureka endpoints via configuration
2023-12-19T21:13:40.602+05:30  INFO 3116 --- [BACKEND-SERVER-2] [AsyncResolver-bootstrap-executor-0] c.n.d.s.r.aws.ConfigClusterResolver      : Resolving eureka endpoints via configuration
2023-12-19T21:18:41.233+05:30  INFO 3116 --- [BACKEND-SERVER-2] [AsyncResolver-bootstrap-executor-0] c.n.d.s.r.aws.ConfigClusterResolver      : Resolving eureka endpoints via configuration
2023-12-19T21:23:41.347+05:30  INFO 3116 --- [BACKEND-SERVER-2] [AsyncResolver-bootstrap-executor-0] c.n.d.s.r.aws.ConfigClusterResolver      : Resolving eureka endpoints via configuration
2023-12-19T21:28:41.466+05:30  INFO 3116 --- [BACKEND-SERVER-2] [AsyncResolver-bootstrap-executor-0] c.n.d.s.r.aws.ConfigClusterResolver      : Resolving eureka endpoints via configuration
2023-12-19T21:33:41.535+05:30  INFO 3116 --- [BACKEND-SERVER-2] [AsyncResolver-bootstrap-executor-0] c.n.d.s.r.aws.ConfigClusterResolver      : Resolving eureka endpoints via configuration
2023-12-19T21:38:41.640+05:30  INFO 3116 --- [BACKEND-SERVER-2] [AsyncResolver-bootstrap-executor-0] c.n.d.s.r.aws.ConfigClusterResolver      : Resolving eureka endpoints via configuration
2023-12-19T21:43:41.742+05:30  INFO 3116 --- [BACKEND-SERVER-2] [AsyncResolver-bootstrap-executor-0] c.n.d.s.r.aws.ConfigClusterResolver      : Resolving eureka endpoints via configuration
2023-12-19T21:48:41.861+05:30  INFO 3116 --- [BACKEND-SERVER-2] [AsyncResolver-bootstrap-executor-0] c.n.d.s.r.aws.ConfigClusterResolver      : Resolving eureka endpoints via configuration
2023-12-19T21:53:41.965+05:30  INFO 3116 --- [BACKEND-SERVER-2] [AsyncResolver-bootstrap-executor-0] c.n.d.s.r.aws.ConfigClusterResolver      : Resolving eureka endpoints via configuration
2023-12-19T21:58:42.083+05:30  INFO 3116 --- [BACKEND-SERVER-2] [AsyncResolver-bootstrap-executor-0] c.n.d.s.r.aws.ConfigClusterResolver      : Resolving eureka endpoints via configuration
2023-12-19T22:03:42.269+05:30  INFO 3116 --- [BACKEND-SERVER-2] [AsyncResolver-bootstrap-executor-0] c.n.d.s.r.aws.ConfigClusterResolver      : Resolving eureka endpoints via configuration
2023-12-19T22:08:42.383+05:30  INFO 3116 --- [BACKEND-SERVER-2] [AsyncResolver-bootstrap-executor-0] c.n.d.s.r.aws.ConfigClusterResolver      : Resolving eureka endpoints via configuration
2023-12-19T22:13:42.496+05:30  INFO 3116 --- [BACKEND-SERVER-2] [AsyncResolver-bootstrap-executor-0] c.n.d.s.r.aws.ConfigClusterResolver      : Resolving eureka endpoints via configuration
2023-12-19T22:15:47.050+05:30  INFO 3116 --- [BACKEND-SERVER-2] [SpringApplicationShutdownHook] o.s.c.n.e.s.EurekaServiceRegistry        : Unregistering application BACKEND-SERVER-2 with eureka with status DOWN
2023-12-19T22:15:47.061+05:30  INFO 3116 --- [BACKEND-SERVER-2] [SpringApplicationShutdownHook] com.netflix.discovery.DiscoveryClient    : Saw local status change event StatusChangeEvent [timestamp=1703004347061, current=DOWN, previous=UP]
2023-12-19T22:15:47.069+05:30  INFO 3116 --- [BACKEND-SERVER-2] [DiscoveryClient-InstanceInfoReplicator-0] com.netflix.discovery.DiscoveryClient    : DiscoveryClient_BACKEND-SERVER-2/DESKTOP-IUH4M1K:BACKEND-SERVER-2:8082: registering service...
2023-12-19T22:15:47.356+05:30  INFO 3116 --- [BACKEND-SERVER-2] [DiscoveryClient-InstanceInfoReplicator-0] com.netflix.discovery.DiscoveryClient    : DiscoveryClient_BACKEND-SERVER-2/DESKTOP-IUH4M1K:BACKEND-SERVER-2:8082 - registration status: 204
2023-12-19T22:15:47.977+05:30  INFO 3116 --- [BACKEND-SERVER-2] [SpringApplicationShutdownHook] j.LocalContainerEntityManagerFactoryBean : Closing JPA EntityManagerFactory for persistence unit 'default'
2023-12-19T22:15:48.203+05:30  INFO 3116 --- [BACKEND-SERVER-2] [SpringApplicationShutdownHook] com.zaxxer.hikari.HikariDataSource       : HikariPool-1 - Shutdown initiated...
2023-12-19T22:15:48.434+05:30  INFO 3116 --- [BACKEND-SERVER-2] [SpringApplicationShutdownHook] com.zaxxer.hikari.HikariDataSource       : HikariPool-1 - Shutdown completed.
2023-12-19T22:15:48.452+05:30  INFO 3116 --- [BACKEND-SERVER-2] [SpringApplicationShutdownHook] com.netflix.discovery.DiscoveryClient    : Shutting down DiscoveryClient ...
2023-12-19T22:15:51.495+05:30  INFO 3116 --- [BACKEND-SERVER-2] [SpringApplicationShutdownHook] com.netflix.discovery.DiscoveryClient    : Unregistering ...
2023-12-19T22:15:51.584+05:30  INFO 3116 --- [BACKEND-SERVER-2] [SpringApplicationShutdownHook] com.netflix.discovery.DiscoveryClient    : DiscoveryClient_BACKEND-SERVER-2/DESKTOP-IUH4M1K:BACKEND-SERVER-2:8082 - deregister  status: 200
2023-12-19T22:15:51.648+05:30  INFO 3116 --- [BACKEND-SERVER-2] [SpringApplicationShutdownHook] com.netflix.discovery.DiscoveryClient    : Completed shut down of DiscoveryClient
